TN:
SF:src/modules/appointments/services/CreateAppointmentService.ts
FN:16,(anonymous_5)
FN:21,(anonymous_6)
FNF:2
FNH:2
FNDA:2,(anonymous_5)
FNDA:3,(anonymous_6)
DA:1,1
DA:2,1
DA:4,1
DA:15,1
DA:18,2
DA:22,3
DA:24,3
DA:28,3
DA:29,1
DA:32,2
DA:36,2
DA:40,1
LF:12
LH:12
BRDA:28,0,0,1
BRDA:28,0,1,2
BRF:2
BRH:2
end_of_record
TN:
SF:src/modules/appointments/services/ListProviderDayAvailabilityService.ts
FN:22,(anonymous_4)
FN:27,(anonymous_5)
FN:44,(anonymous_6)
FN:47,(anonymous_7)
FN:48,(anonymous_8)
FNF:5
FNH:5
FNDA:1,(anonymous_4)
FNDA:1,(anonymous_5)
FNDA:10,(anonymous_6)
FNDA:10,(anonymous_7)
FNDA:19,(anonymous_8)
DA:1,1
DA:2,1
DA:21,1
DA:24,1
DA:33,1
DA:40,1
DA:42,1
DA:44,10
DA:47,1
DA:48,10
DA:49,19
DA:52,10
DA:58,1
DA:62,1
LF:14
LH:14
BRF:0
BRH:0
end_of_record
TN:
SF:src/modules/appointments/services/ListProviderMonthAvailabilityService.ts
FN:22,(anonymous_4)
FN:27,(anonymous_5)
FN:41,(anonymous_6)
FN:44,(anonymous_7)
FN:45,(anonymous_8)
FNF:5
FNH:5
FNDA:1,(anonymous_4)
FNDA:1,(anonymous_5)
FNDA:31,(anonymous_6)
FNDA:31,(anonymous_7)
FNDA:310,(anonymous_8)
DA:1,1
DA:2,1
DA:21,1
DA:24,1
DA:28,1
DA:37,1
DA:39,1
DA:41,31
DA:44,1
DA:45,31
DA:46,310
DA:49,31
DA:56,1
DA:60,1
LF:14
LH:14
BRF:0
BRH:0
end_of_record
TN:
SF:src/modules/appointments/services/ListProvidersService.ts
FN:13,(anonymous_4)
FN:18,(anonymous_5)
FNF:2
FNH:2
FNDA:1,(anonymous_4)
FNDA:1,(anonymous_5)
DA:1,1
DA:12,1
DA:15,1
DA:19,1
DA:23,1
DA:27,1
LF:6
LH:6
BRF:0
BRH:0
end_of_record
TN:
SF:src/modules/users/services/AuthenticateUserService.ts
FN:23,(anonymous_5)
FN:31,(anonymous_6)
FNF:2
FNH:2
FNDA:3,(anonymous_5)
FNDA:3,(anonymous_6)
DA:1,1
DA:2,1
DA:3,1
DA:5,1
DA:22,1
DA:25,3
DA:28,3
DA:32,3
DA:34,3
DA:35,1
DA:38,2
DA:43,2
DA:44,1
DA:47,1
DA:49,1
DA:54,1
DA:61,1
LF:17
LH:17
BRDA:34,0,0,1
BRDA:34,0,1,2
BRDA:43,1,0,1
BRDA:43,1,1,1
BRF:4
BRH:4
end_of_record
TN:
SF:src/modules/users/services/CreateUserService.ts
FN:17,(anonymous_5)
FN:25,(anonymous_6)
FNF:2
FNH:2
FNDA:6,(anonymous_5)
FNDA:6,(anonymous_6)
DA:1,2
DA:3,2
DA:16,2
DA:19,6
DA:22,6
DA:26,6
DA:28,6
DA:29,1
DA:32,5
DA:34,5
DA:40,5
DA:44,2
LF:12
LH:12
BRDA:28,0,0,1
BRDA:28,0,1,5
BRF:2
BRH:2
end_of_record
TN:
SF:src/modules/users/services/ResetPasswordService.ts
FN:18,(anonymous_5)
FN:29,(anonymous_6)
FNF:2
FNH:2
FNDA:4,(anonymous_5)
FNDA:4,(anonymous_6)
DA:1,1
DA:2,1
DA:4,1
DA:17,1
DA:20,4
DA:23,4
DA:26,4
DA:30,4
DA:32,4
DA:33,1
DA:36,3
DA:38,3
DA:39,1
DA:42,2
DA:43,2
DA:45,2
DA:46,1
DA:49,1
DA:51,1
DA:55,1
LF:20
LH:20
BRDA:32,0,0,1
BRDA:32,0,1,3
BRDA:38,1,0,1
BRDA:38,1,1,2
BRDA:45,2,0,1
BRDA:45,2,1,1
BRF:6
BRH:6
end_of_record
TN:
SF:src/modules/users/services/SendForgotPasswordEmailService.ts
FN:18,(anonymous_5)
FN:29,(anonymous_6)
FNF:2
FNH:2
FNDA:3,(anonymous_5)
FNDA:3,(anonymous_6)
DA:1,1
DA:3,1
DA:5,1
DA:17,1
DA:20,3
DA:23,3
DA:26,3
DA:30,3
DA:32,3
DA:33,1
DA:36,2
DA:38,2
DA:45,2
DA:62,1
LF:14
LH:14
BRDA:32,0,0,1
BRDA:32,0,1,2
BRF:2
BRH:2
end_of_record
TN:
SF:src/modules/users/services/ShowProfileService.ts
FN:14,(anonymous_5)
FN:19,(anonymous_6)
FNF:2
FNH:2
FNDA:2,(anonymous_5)
FNDA:2,(anonymous_6)
DA:1,1
DA:3,1
DA:13,1
DA:16,2
DA:20,2
DA:22,2
DA:23,1
DA:26,1
DA:30,1
LF:9
LH:9
BRDA:22,0,0,1
BRDA:22,0,1,1
BRF:2
BRH:2
end_of_record
TN:
SF:src/modules/users/services/UpdateProfileService.ts
FN:19,(anonymous_5)
FN:27,(anonymous_6)
FNF:2
FNH:2
FNDA:6,(anonymous_5)
FNDA:6,(anonymous_6)
DA:1,1
DA:3,1
DA:18,1
DA:21,6
DA:24,6
DA:34,6
DA:36,6
DA:37,1
DA:40,5
DA:42,5
DA:43,1
DA:46,4
DA:47,4
DA:49,4
DA:50,1
DA:55,3
DA:56,2
DA:61,2
DA:62,1
DA:66,2
DA:67,1
DA:70,2
DA:74,1
LF:23
LH:23
BRDA:36,0,0,1
BRDA:36,0,1,5
BRDA:42,1,0,1
BRDA:42,1,1,4
BRDA:42,2,0,5
BRDA:42,2,1,1
BRDA:49,3,0,1
BRDA:49,3,1,3
BRDA:49,4,0,4
BRDA:49,4,1,3
BRDA:55,5,0,2
BRDA:55,5,1,1
BRDA:55,6,0,3
BRDA:55,6,1,2
BRDA:61,7,0,1
BRDA:61,7,1,1
BRDA:66,8,0,1
BRDA:66,8,1,1
BRF:18
BRH:18
end_of_record
TN:
SF:src/modules/users/services/UpdateUserAvatarService.ts
FN:16,(anonymous_5)
FN:24,(anonymous_6)
FNF:2
FNH:2
FNDA:3,(anonymous_5)
FNDA:4,(anonymous_6)
DA:1,1
DA:3,1
DA:15,1
DA:18,3
DA:21,3
DA:25,4
DA:27,4
DA:28,1
DA:31,3
DA:32,1
DA:35,3
DA:37,3
DA:39,3
DA:41,3
DA:45,1
LF:15
LH:15
BRDA:27,0,0,1
BRDA:27,0,1,3
BRDA:31,1,0,1
BRDA:31,1,1,2
BRF:4
BRH:4
end_of_record
